MiB_Mem_free MiB_Mem_used MiB_Mem_cache MiB_Swap_free MiB_Swap_used MiB_Swap_avail 1PID 1VIRT 1RES 1SHR 1%CPU 1%MEM 1TIME+ 1COMMAND 2PID 2VIRT 2RES 2SHR 2%CPU 2%MEM 2TIME+ 2COMMAND 3PID 3VIRT 3RES 3SHR 3%CPU 3%MEM 3TIME+ 3COMMAND 4PID 4VIRT 4RES 4SHR 4%CPU 4%MEM 4TIME+ 4COMMAND 5PID 5VIRT 5RES 5SHR 5%CPU 5%MEM 5TIME+ 5COMMAND
1182.3 310.9 324.2 820.0 0.0 1334.9 2526 249708 30076 2860 52.9 1.6 0:00.28 mem2.bash 2526 257760 38260 2860 43.8 2.1 0:00.36 mem2.bash 1 186384 14404 9704 0.0 0.8 0:00.84 systemd 1 186384 14404 9704 0.0 0.8 0:00.84 systemd 3 0 0 0 0.0 0.0 0:00.00 rcu_gp 
1072.9 420.2 324.2 820.0 0.0 1227.2 2525 300924 81320 2892 60.0 4.4 0:00.90 mem.bash 2526 310296 90796 2860 41.2 4.9 0:00.97 mem2.bash 2155 813644 74852 34832 5.9 4.0 0:01.29 node 2 0 0 0 0.0 0.0 0:00.00 kthreadd 2 0 0 0 0.0 0.0 0:00.00 kthreadd 
973.6 519.4 324.2 820.0 0.0 1131.0 2525 350028 130424 2892 41.2 7.0 0:01.48 mem.bash 2526 357156 137524 2860 38.9 7.4 0:01.58 mem2.bash 2155 813644 75324 34832 6.2 4.0 0:01.30 node 2 0 0 0 0.0 0.0 0:00.00 kthreadd 3 0 0 0 0.0 0.0 0:00.00 rcu_gp 
874.2 618.9 324.2 820.0 0.0 1027.7 2526 401772 182404 2860 42.1 9.8 0:02.11 mem2.bash 2526 409164 189532 2860 37.5 10.2 0:02.19 mem2.bash 1 186384 14404 9704 0.0 0.8 0:00.84 systemd 2 0 0 0 0.0 0.0 0:00.00 kthreadd 2 0 0 0 0.0 0.0 0:00.00 kthreadd 
770.2 722.9 324.2 820.0 0.0 924.5 2526 455232 235732 2860 47.1 12.7 0:02.75 mem2.bash 2526 462228 242860 2860 40.0 13.1 0:02.82 mem2.bash 1 186384 14404 9704 0.0 0.8 0:00.84 systemd 2 0 0 0 0.0 0.0 0:00.00 kthreadd 3 0 0 0 0.0 0.0 0:00.00 rcu_gp 
667.2 825.8 324.3 820.0 0.0 821.7 2525 504468 284864 2892 44.4 15.3 0:03.38 mem.bash 2525 510540 290936 2892 37.5 15.6 0:03.45 mem.bash 10 0 0 0 6.2 0.0 0:00.04 ksoftirqd/0 2 0 0 0 0.0 0.0 0:00.00 kthreadd 2 0 0 0 0.0 0.0 0:00.00 kthreadd 
568.5 924.6 324.3 820.0 0.0 724.1 2525 553308 333704 2892 46.7 17.9 0:03.97 mem.bash 2526 565188 345556 2860 40.0 18.6 0:04.04 mem2.bash 1 186384 14404 9704 0.0 0.8 0:00.84 systemd 2 0 0 0 0.0 0.0 0:00.00 kthreadd 3 0 0 0 0.0 0.0 0:00.00 rcu_gp 
474.9 1018.1 324.3 820.0 0.0 630.8 2525 602148 382544 2892 56.2 20.6 0:04.58 mem.bash 2526 614952 395452 2860 41.2 21.3 0:04.67 mem2.bash 1 186384 14404 9704 0.0 0.8 0:00.84 systemd 2 0 0 0 0.0 0.0 0:00.00 kthreadd 3 0 0 0 0.0 0.0 0:00.00 rcu_gp 
374.4 1118.7 324.3 820.0 0.0 528.9 2525 650988 431384 2892 41.2 23.2 0:05.19 mem.bash 2526 669204 449572 2860 38.9 24.2 0:05.28 mem2.bash 1 186384 14404 9704 0.0 0.8 0:00.84 systemd 1 186384 14404 9704 0.0 0.8 0:00.84 systemd 3 0 0 0 0.0 0.0 0:00.00 rcu_gp 
273.1 1220.0 324.3 820.0 0.0 430.5 2525 701016 481544 2892 50.0 25.9 0:05.79 mem.bash 2526 720552 501052 2860 43.8 26.9 0:05.88 mem2.bash 1 186384 14404 9704 0.0 0.8 0:00.84 systemd 2 0 0 0 0.0 0.0 0:00.00 kthreadd 3 0 0 0 0.0 0.0 0:00.00 rcu_gp 
177.0 1316.1 324.3 820.0 0.0 333.8 2526 763716 544084 2860 56.2 29.2 0:06.41 mem2.bash 2526 770844 551212 2860 44.4 29.6 0:06.50 mem2.bash 1 186384 14404 9704 0.0 0.8 0:00.84 systemd 2 0 0 0 0.0 0.0 0:00.00 kthreadd 2 0 0 0 0.0 0.0 0:00.00 kthreadd 
77.8 1415.3 324.3 819.7 0.3 232.7 2525 807936 588076 2512 46.7 31.6 0:07.07 mem.bash 2525 815064 595204 2512 37.5 32.0 0:07.17 mem.bash 10 0 0 0 5.6 0.0 0:00.05 ksoftirqd/0 2 0 0 0 0.0 0.0 0:00.00 kthreadd 1 186384 14404 9704 0.0 0.8 0:00.84 systemd 
71.7 1533.3 212.3 816.0 4.0 121.0 2525 862320 642460 2512 50.0 34.5 0:07.70 mem.bash 2526 885552 665704 2520 43.8 35.8 0:07.79 mem2.bash 49 0 0 0 6.2 0.0 0:00.10 kswapd0 1 186384 13816 9116 0.0 0.7 0:00.84 systemd 2 0 0 0 0.0 0.0 0:00.00 kthreadd 
69.3 1639.3 108.7 800.6 19.4 45.3 2526 937824 717976 2520 50.0 38.6 0:08.35 mem2.bash 2525 924360 704500 2512 33.3 37.9 0:08.43 mem.bash 49 0 0 0 16.7 0.0 0:00.21 kswapd0 1 186384 8920 4712 0.0 0.5 0:00.84 systemd 2 0 0 0 0.0 0.0 0:00.00 kthreadd 
63.6 1660.1 93.6 713.1 106.9 43.1 2525 962244 718088 2512 37.5 38.6 0:08.88 mem.bash 2525 969108 724736 2512 43.8 38.9 0:08.96 mem.bash 1 186384 8056 4016 0.0 0.4 0:00.84 systemd 2155 813644 23408 10340 5.9 1.3 0:01.42 node 2 0 0 0 0.0 0.0 0:00.00 kthreadd 
67.8 1661.9 87.6 611.9 208.1 39.2 2525 1017684 722736 2492 50.0 38.8 0:09.48 mem.bash 2526 1046856 746224 2520 38.9 40.1 0:09.56 mem2.bash 49 0 0 0 6.2 0.0 0:00.36 kswapd0 1 186384 7000 3320 0.0 0.4 0:00.84 systemd 1 186384 6960 3320 0.0 0.4 0:00.84 systemd 
67.8 1661.6 87.9 485.7 334.3 26.3 2525 1080780 717764 2488 31.2 38.6 0:10.15 mem.bash 2526 1106784 745680 2520 43.8 40.1 0:10.22 mem2.bash 49 0 0 0 5.9 0.0 0:00.44 kswapd0 1 186384 6796 3300 0.0 0.4 0:00.84 systemd 2 0 0 0 0.0 0.0 0:00.00 kthreadd 
74.4 1664.2 78.7 383.3 436.7 39.6 2526 1152984 745044 2520 41.2 40.0 0:10.72 mem2.bash 2526 1161036 749756 2520 43.8 40.3 0:10.80 mem2.bash 1539 864800 29588 9332 6.2 1.6 0:03.83 node 1 186384 6588 3260 0.0 0.4 0:00.84 systemd 2 0 0 0 0.0 0.0 0:00.00 kthreadd 
79.8 1666.9 70.7 282.6 537.4 31.9 2525 1185984 737212 2488 50.0 39.6 0:11.31 mem.bash 2526 1215684 757152 2520 43.8 40.7 0:11.39 mem2.bash 49 0 0 0 6.2 0.0 0:00.58 kswapd0 1 186384 6256 3196 0.0 0.3 0:00.84 systemd 3 0 0 0 0.0 0.0 0:00.00 rcu_gp 
75.6 1677.1 64.7 173.5 646.5 36.0 2526 1267164 759012 2476 38.9 40.8 0:11.93 mem2.bash 2525 1252248 743708 2452 41.2 40.0 0:12.00 mem.bash 49 0 0 0 5.9 0.0 0:00.66 kswapd0 1 186384 6128 3196 0.0 0.3 0:00.84 systemd 2149 822308 16060 7836 6.2 0.9 0:00.36 node 
71.9 1683.5 61.9 71.6 748.4 26.1 2526 1322340 758528 2476 35.3 40.8 0:12.51 mem2.bash 2526 1329336 760096 2476 38.9 40.8 0:12.59 mem2.bash 49 0 0 0 11.1 0.0 0:00.75 kswapd0 1 186384 5976 3196 0.0 0.3 0:00.84 systemd 2 0 0 0 0.0 0.0 0:00.00 kthreadd 
685.0 1044.7 87.6 361.3 458.7 618.4 2525 1487868 905876 1668 82.4 48.7 0:14.55 mem.bash 1589 1051160 19680 11900 5.6 1.1 0:00.98 node 2 0 0 0 0.0 0.0 0:00.00 kthreadd 3 0 0 0 0.0 0.0 0:00.00 rcu_gp 4 0 0 0 0.0 0.0 0:00.00 rcu_par_gp 
558.0 1165.4 94.0 361.4 458.6 516.9 2525 1590828 985.2m 1668 99.9 54.2 0:15.67 mem.bash 1 186384 4188 1400 0.0 0.2 0:00.84 systemd 1 186384 4188 1400 0.0 0.2 0:00.84 systemd 3 0 0 0 0.0 0.0 0:00.00 rcu_gp 4 0 0 0 0.0 0.0 0:00.00 rcu_par_gp 
451.4 1269.8 96.1 362.4 457.6 409.8 2525 1698672 1.1g 1668 94.1 60.0 0:16.79 mem.bash 1539 864800 29788 8892 6.2 1.6 0:03.89 node 2 0 0 0 0.0 0.0 0:00.00 kthreadd 3 0 0 0 0.0 0.0 0:00.00 rcu_gp 2 0 0 0 0.0 0.0 0:00.00 kthreadd 
346.7 1374.5 96.1 362.5 457.5 307.2 2525 1801104 1.2g 1668 99.9 65.5 0:17.92 mem.bash 1 186384 4188 1400 0.0 0.2 0:00.84 systemd 2 0 0 0 0.0 0.0 0:00.00 kthreadd 3 0 0 0 0.0 0.0 0:00.00 rcu_gp 4 0 0 0 0.0 0.0 0:00.00 rcu_par_gp 
243.0 1478.2 96.1 362.6 457.4 202.7 2525 1910004 1.3g 1668 83.3 71.4 0:19.07 mem.bash 1 186384 4188 1400 0.0 0.2 0:00.84 systemd 1 186384 4188 1400 0.0 0.2 0:00.84 systemd 3 0 0 0 0.0 0.0 0:00.00 rcu_gp 3 0 0 0 0.0 0.0 0:00.00 rcu_gp 
134.0 1587.3 96.1 363.1 456.9 91.8 2525 2020488 1.4g 1668 93.8 77.3 0:20.21 mem.bash 1 186384 4188 1400 0.0 0.2 0:00.84 systemd 2 0 0 0 0.0 0.0 0:00.00 kthreadd 2 0 0 0 0.0 0.0 0:00.00 kthreadd 2 0 0 0 0.0 0.0 0:00.00 kthreadd 
68.5 1655.5 93.3 305.3 514.7 49.5 2525 2125164 1.4g 1668 83.3 79.2 0:21.32 mem.bash 49 0 0 0 6.7 0.0 0:01.12 kswapd0 1 186384 4040 1400 0.0 0.2 0:00.84 systemd 3 0 0 0 0.0 0.0 0:00.00 rcu_gp 3 0 0 0 0.0 0.0 0:00.00 rcu_gp 
67.5 1664.8 85.0 214.8 605.2 43.7 2525 2226672 1.4g 1668 93.3 79.8 0:22.39 mem.bash 1 186384 3920 1400 0.0 0.2 0:00.84 systemd 1 186384 3912 1400 0.0 0.2 0:00.84 systemd 1 186384 3908 1400 0.0 0.2 0:00.84 systemd 4 0 0 0 0.0 0.0 0:00.00 rcu_par_gp 
71.1 1671.3 75.0 136.2 683.8 32.5 2525 2331480 1.4g 1668 77.8 81.0 0:23.52 mem.bash 49 0 0 0 6.2 0.0 0:01.26 kswapd0 1 186384 3676 1400 0.0 0.2 0:00.84 systemd 1 186384 3556 1328 0.0 0.2 0:00.84 systemd 4 0 0 0 0.0 0.0 0:00.00 rcu_par_gp 
66.9 1695.9 54.5 44.2 775.7 31.0 49 0 0 0 42.2 0.0 0:02.24 kswapd0 1589 1051160 8020 0 3.8 0.4 0:01.29 node 2 0 0 0 0.0 0.0 0:00.00 kthreadd 4 0 0 0 0.0 0.0 0:00.00 rcu_par_gp 6 0 0 0 0.0 0.0 0:00.00 kworker/0:0H-events_highpri 
1540.2 181.1 96.0 691.8 128.2 1514.2 2155 813900 25988 10736 6.7 1.4 0:02.05 node 2 0 0 0 0.0 0.0 0:00.00 kthreadd 2 0 0 0 0.0 0.0 0:00.00 kthreadd 4 0 0 0 0.0 0.0 0:00.00 rcu_par_gp 4 0 0 0 0.0 0.0 0:00.00 rcu_par_gp 
1539.2 181.9 96.2 691.8 128.2 1513.6 1 186384 2292 2096 0.0 0.1 0:00.84 systemd 1 186384 2292 2096 0.0 0.1 0:00.84 systemd 3 0 0 0 0.0 0.0 0:00.00 rcu_gp 4 0 0 0 0.0 0.0 0:00.00 rcu_par_gp 4 0 0 0 0.0 0.0 0:00.00 rcu_par_gp 
1537.7 182.5 97.1 691.8 128.2 1512.6 1 186384 2292 2096 0.0 0.1 0:00.84 systemd 1 186384 2292 2096 0.0 0.1 0:00.84 systemd 3 0 0 0 0.0 0.0 0:00.00 rcu_gp 4 0 0 0 0.0 0.0 0:00.00 rcu_par_gp 4 0 0 0 0.0 0.0 0:00.00 rcu_par_gp 
1538.4 181.8 97.1 691.8 128.2 1513.1 1 186384 2292 2096 0.0 0.1 0:00.84 systemd 2 0 0 0 0.0 0.0 0:00.00 kthreadd 3 0 0 0 0.0 0.0 0:00.00 rcu_gp 3 0 0 0 0.0 0.0 0:00.00 rcu_gp 6 0 0 0 0.0 0.0 0:00.00 kworker/0:0H-events_highpri 
1537.8 182.4 97.1 692.3 127.7 1513.6 1 186384 2292 2096 0.0 0.1 0:00.84 systemd 2 0 0 0 0.0 0.0 0:00.00 kthreadd 1 186384 2292 2096 0.0 0.1 0:00.84 systemd 2 0 0 0 0.0 0.0 0:00.00 kthreadd 6 0 0 0 0.0 0.0 0:00.00 kworker/0:0H-events_highpri 
1537.5 182.7 97.2 692.3 127.7 1512.7 1 186384 2292 2096 0.0 0.1 0:00.84 systemd 2 0 0 0 0.0 0.0 0:00.00 kthreadd 2 0 0 0 0.0 0.0 0:00.00 kthreadd 4 0 0 0 0.0 0.0 0:00.00 rcu_par_gp 6 0 0 0 0.0 0.0 0:00.00 kworker/0:0H-events_highpri 
1538.5 181.6 97.2 692.3 127.7 1513.5 2155 813900 26700 11568 6.7 1.4 0:02.10 node 1 186384 2292 2096 0.0 0.1 0:00.84 systemd 3 0 0 0 0.0 0.0 0:00.00 rcu_gp 4 0 0 0 0.0 0.0 0:00.00 rcu_par_gp 6 0 0 0 0.0 0.0 0:00.00 kworker/0:0H-events_highpri 
1538.3 181.9 97.2 692.3 127.7 1514.2 1 186384 2292 2096 0.0 0.1 0:00.84 systemd 1 186384 2292 2096 0.0 0.1 0:00.84 systemd 2 0 0 0 0.0 0.0 0:00.00 kthreadd 3 0 0 0 0.0 0.0 0:00.00 rcu_gp 6 0 0 0 0.0 0.0 0:00.00 kworker/0:0H-events_highpri 
1538.4 181.7 97.2 692.3 127.7 1513.4 1 186384 2292 2096 0.0 0.1 0:00.84 systemd 2 0 0 0 0.0 0.0 0:00.00 kthreadd 3 0 0 0 0.0 0.0 0:00.00 rcu_gp 4 0 0 0 0.0 0.0 0:00.00 rcu_par_gp 4 0 0 0 0.0 0.0 0:00.00 rcu_par_gp 
1538.4 181.8 97.2 692.3 127.7 1513.4 2149 822628 22528 12400 6.2 1.2 0:00.91 node 1 186384 2292 2096 0.0 0.1 0:00.84 systemd 2 0 0 0 0.0 0.0 0:00.00 kthreadd 4 0 0 0 0.0 0.0 0:00.00 rcu_par_gp 4 0 0 0 0.0 0.0 0:00.00 rcu_par_gp 
1537.6 182.5 97.2 692.3 127.7 1513.5 1 186384 2292 2096 0.0 0.1 0:00.84 systemd 2 0 0 0 0.0 0.0 0:00.00 kthreadd 3 0 0 0 0.0 0.0 0:00.00 rcu_gp 4 0 0 0 0.0 0.0 0:00.00 rcu_par_gp 6 0 0 0 0.0 0.0 0:00.00 kworker/0:0H-events_highpri 
1537.1 183.1 97.2 692.3 127.7 1512.1 2149 822628 22820 12400 6.7 1.2 0:00.93 node 2 0 0 0 0.0 0.0 0:00.00 kthreadd 2 0 0 0 0.0 0.0 0:00.00 kthreadd 4 0 0 0 0.0 0.0 0:00.00 rcu_par_gp 3 0 0 0 0.0 0.0 0:00.00 rcu_gp 
1537.6 182.5 97.2 692.3 127.7 1512.6 1 186384 2292 2096 0.0 0.1 0:00.84 systemd 1 186384 2292 2096 0.0 0.1 0:00.84 systemd 3 0 0 0 0.0 0.0 0:00.00 rcu_gp 4 0 0 0 0.0 0.0 0:00.00 rcu_par_gp 6 0 0 0 0.0 0.0 0:00.00 kworker/0:0H-events_highpri 
1537.8 182.3 97.2 692.6 127.4 1513.0 1 186384 2292 2096 0.0 0.1 0:00.84 systemd 1 186384 2292 2096 0.0 0.1 0:00.84 systemd 3 0 0 0 0.0 0.0 0:00.00 rcu_gp 1 186384 2292 2096 0.0 0.1 0:00.84 systemd 6 0 0 0 0.0 0.0 0:00.00 kworker/0:0H-events_highpri 
1537.1 183.0 97.2 692.6 127.4 1513.0 2092 153552 1924 644 6.7 0.1 0:00.22 sshd 1 186384 2292 2096 0.0 0.1 0:00.84 systemd 2 0 0 0 0.0 0.0 0:00.00 kthreadd 4 0 0 0 0.0 0.0 0:00.00 rcu_par_gp 6 0 0 0 0.0 0.0 0:00.00 kworker/0:0H-events_highpri 
1536.0 183.7 97.6 692.6 127.4 1511.2 1 186384 2292 2096 0.0 0.1 0:00.84 systemd 2 0 0 0 0.0 0.0 0:00.00 kthreadd 2 0 0 0 0.0 0.0 0:00.00 kthreadd 3 0 0 0 0.0 0.0 0:00.00 rcu_gp 6 0 0 0 0.0 0.0 0:00.00 kworker/0:0H-events_highpri 
1536.7 183.0 97.6 692.6 127.4 1512.5 1 186384 2292 2096 0.0 0.1 0:00.84 systemd 2 0 0 0 0.0 0.0 0:00.00 kthreadd 3 0 0 0 0.0 0.0 0:00.00 rcu_gp 4 0 0 0 0.0 0.0 0:00.00 rcu_par_gp 4 0 0 0 0.0 0.0 0:00.00 rcu_par_gp 
1537.1 182.5 97.7 692.6 127.4 1513.4 896 626400 5908 1424 6.2 0.3 0:00.20 tuned 2 0 0 0 0.0 0.0 0:00.00 kthreadd 3 0 0 0 0.0 0.0 0:00.00 rcu_gp 2 0 0 0 0.0 0.0 0:00.00 kthreadd 6 0 0 0 0.0 0.0 0:00.00 kworker/0:0H-events_highpri 
1537.3 182.3 97.7 692.6 127.4 1512.5 2155 813900 26856 11568 6.7 1.4 0:02.19 node 2 0 0 0 0.0 0.0 0:00.00 kthreadd 2 0 0 0 0.0 0.0 0:00.00 kthreadd 4 0 0 0 0.0 0.0 0:00.00 rcu_par_gp 6 0 0 0 0.0 0.0 0:00.00 kworker/0:0H-events_highpri 
1536.7 183.0 97.7 692.6 127.4 1512.0 1 186384 2292 2096 0.0 0.1 0:00.84 systemd 2 0 0 0 0.0 0.0 0:00.00 kthreadd 3 0 0 0 0.0 0.0 0:00.00 rcu_gp 4 0 0 0 0.0 0.0 0:00.00 rcu_par_gp 6 0 0 0 0.0 0.0 0:00.00 kworker/0:0H-events_highpri 
1537.2 182.4 97.7 692.6 127.4 1513.0 1 186384 2292 2096 0.0 0.1 0:00.84 systemd 1 186384 2292 2096 0.0 0.1 0:00.84 systemd 2 0 0 0 0.0 0.0 0:00.00 kthreadd 4 0 0 0 0.0 0.0 0:00.00 rcu_par_gp 6 0 0 0 0.0 0.0 0:00.00 kworker/0:0H-events_highpri 
1537.1 182.3 97.9 692.6 127.4 1512.4 1 186384 2292 2096 0.0 0.1 0:00.84 systemd 2 0 0 0 0.0 0.0 0:00.00 kthreadd 1 186384 2292 2096 0.0 0.1 0:00.84 systemd 4 0 0 0 0.0 0.0 0:00.00 rcu_par_gp 4 0 0 0 0.0 0.0 0:00.00 rcu_par_gp 
1537.1 182.3 97.9 692.6 127.4 1512.4 1 186384 2292 2096 0.0 0.1 0:00.84 systemd 1 186384 2292 2096 0.0 0.1 0:00.84 systemd 3 0 0 0 0.0 0.0 0:00.00 rcu_gp 4 0 0 0 0.0 0.0 0:00.00 rcu_par_gp 6 0 0 0 0.0 0.0 0:00.00 kworker/0:0H-events_highpri 
1537.2 182.2 97.9 692.6 127.4 1512.6 1589 1051416 18068 9724 6.7 1.0 0:01.51 node 2 0 0 0 0.0 0.0 0:00.00 kthreadd 2 0 0 0 0.0 0.0 0:00.00 kthreadd 4 0 0 0 0.0 0.0 0:00.00 rcu_par_gp 4 0 0 0 0.0 0.0 0:00.00 rcu_par_gp 
1534.8 184.6 98.0 692.6 127.4 1510.9 1 186384 2292 2096 0.0 0.1 0:00.84 systemd 2 0 0 0 0.0 0.0 0:00.00 kthreadd 2 0 0 0 0.0 0.0 0:00.00 kthreadd 4 0 0 0 0.0 0.0 0:00.00 rcu_par_gp 6 0 0 0 0.0 0.0 0:00.00 kworker/0:0H-events_highpri 
1536.3 183.1 98.0 692.6 127.4 1511.6 1 186384 2292 2096 0.0 0.1 0:00.84 systemd 2 0 0 0 0.0 0.0 0:00.00 kthreadd 2 0 0 0 0.0 0.0 0:00.00 kthreadd 3 0 0 0 0.0 0.0 0:00.00 rcu_gp 6 0 0 0 0.0 0.0 0:00.00 kworker/0:0H-events_highpri 
1536.4 182.9 98.0 692.6 127.4 1511.7 1 186384 2292 2096 0.0 0.1 0:00.84 systemd 2 0 0 0 0.0 0.0 0:00.00 kthreadd 3 0 0 0 0.0 0.0 0:00.00 rcu_gp 3 0 0 0 0.0 0.0 0:00.00 rcu_gp 3 0 0 0 0.0 0.0 0:00.00 rcu_gp 
1536.1 183.3 98.0 692.6 127.4 1512.3 2149 822468 23196 13552 6.7 1.2 0:01.09 node 2 0 0 0 0.0 0.0 0:00.00 kthreadd 3 0 0 0 0.0 0.0 0:00.00 rcu_gp 3 0 0 0 0.0 0.0 0:00.00 rcu_gp 6 0 0 0 0.0 0.0 0:00.00 kworker/0:0H-events_highpri 
1534.8 184.5 98.0 692.6 127.4 1510.5 1 186384 2292 2096 0.0 0.1 0:00.84 systemd 2 0 0 0 0.0 0.0 0:00.00 kthreadd 3 0 0 0 0.0 0.0 0:00.00 rcu_gp 4 0 0 0 0.0 0.0 0:00.00 rcu_par_gp 6 0 0 0 0.0 0.0 0:00.00 kworker/0:0H-events_highpri 
1536.8 182.5 98.0 693.3 126.7 1512.0 1 186384 2292 2096 0.0 0.1 0:00.84 systemd 2 0 0 0 0.0 0.0 0:00.00 kthreadd 3 0 0 0 0.0 0.0 0:00.00 rcu_gp 2 0 0 0 0.0 0.0 0:00.00 kthreadd 6 0 0 0 0.0 0.0 0:00.00 kworker/0:0H-events_highpri 
1535.4 183.8 98.1 693.3 126.7 1510.9 1 186384 2292 2096 0.0 0.1 0:00.84 systemd 2 0 0 0 0.0 0.0 0:00.00 kthreadd 3 0 0 0 0.0 0.0 0:00.00 rcu_gp 4 0 0 0 0.0 0.0 0:00.00 rcu_par_gp 4 0 0 0 0.0 0.0 0:00.00 rcu_par_gp 
1536.1 183.1 98.1 693.3 126.7 1511.6 1 186384 2292 2096 0.0 0.1 0:00.84 systemd 1 186384 2292 2096 0.0 0.1 0:00.84 systemd 2 0 0 0 0.0 0.0 0:00.00 kthreadd 4 0 0 0 0.0 0.0 0:00.00 rcu_par_gp 6 0 0 0 0.0 0.0 0:00.00 kworker/0:0H-events_highpri 
1535.4 183.6 98.4 693.6 126.4 1511.1 1 186384 2292 2096 0.0 0.1 0:00.84 systemd 1539 865056 38504 15332 6.2 2.1 0:04.50 node 3 0 0 0 0.0 0.0 0:00.00 rcu_gp 4 0 0 0 0.0 0.0 0:00.00 rcu_par_gp 4 0 0 0 0.0 0.0 0:00.00 rcu_par_gp 
1534.1 184.8 98.4 693.6 126.4 1509.6 1 186384 2292 2096 0.0 0.1 0:00.84 systemd 2 0 0 0 0.0 0.0 0:00.00 kthreadd 3 0 0 0 0.0 0.0 0:00.00 rcu_gp 4 0 0 0 0.0 0.0 0:00.00 rcu_par_gp 4 0 0 0 0.0 0.0 0:00.00 rcu_par_gp 
1533.6 185.3 98.4 694.1 125.9 1509.9 1 186384 2292 2096 0.0 0.1 0:00.84 systemd 2 0 0 0 0.0 0.0 0:00.00 kthreadd 3 0 0 0 0.0 0.0 0:00.00 rcu_gp 3 0 0 0 0.0 0.0 0:00.00 rcu_gp 6 0 0 0 0.0 0.0 0:00.00 kworker/0:0H-events_highpri 
1533.8 185.1 98.4 694.1 125.9 1509.3 1 186384 2292 2096 0.0 0.1 0:00.84 systemd 2 0 0 0 0.0 0.0 0:00.00 kthreadd 3 0 0 0 0.0 0.0 0:00.00 rcu_gp 4 0 0 0 0.0 0.0 0:00.00 rcu_par_gp 4 0 0 0 0.0 0.0 0:00.00 rcu_par_gp 
1533.5 185.4 98.4 694.1 125.9 1509.1 1 186384 2292 2096 0.0 0.1 0:00.84 systemd 1 186384 2292 2096 0.0 0.1 0:00.84 systemd 3 0 0 0 0.0 0.0 0:00.00 rcu_gp 4 0 0 0 0.0 0.0 0:00.00 rcu_par_gp 6 0 0 0 0.0 0.0 0:00.00 kworker/0:0H-events_highpri 
1533.0 185.9 98.4 694.1 125.9 1508.6 1539 865056 39388 16140 6.7 2.1 0:04.54 node 2 0 0 0 0.0 0.0 0:00.00 kthreadd 3 0 0 0 0.0 0.0 0:00.00 rcu_gp 4 0 0 0 0.0 0.0 0:00.00 rcu_par_gp 6 0 0 0 0.0 0.0 0:00.00 kworker/0:0H-events_highpri 
1533.7 185.2 98.4 694.1 125.9 1509.3 2155 813900 27768 11568 6.7 1.5 0:02.33 node 2 0 0 0 0.0 0.0 0:00.00 kthreadd 3 0 0 0 0.0 0.0 0:00.00 rcu_gp 4 0 0 0 0.0 0.0 0:00.00 rcu_par_gp 6 0 0 0 0.0 0.0 0:00.00 kworker/0:0H-events_highpri 
1533.4 185.5 98.4 694.3 125.7 1508.9 2155 813900 28028 12464 6.7 1.5 0:02.34 node 2 0 0 0 0.0 0.0 0:00.00 kthreadd 3 0 0 0 0.0 0.0 0:00.00 rcu_gp 3 0 0 0 0.0 0.0 0:00.00 rcu_gp 6 0 0 0 0.0 0.0 0:00.00 kworker/0:0H-events_highpri 
1532.8 186.1 98.4 694.8 125.2 1508.4 1539 865056 40344 16204 6.7 2.2 0:04.56 node 2 0 0 0 0.0 0.0 0:00.00 kthreadd 3 0 0 0 0.0 0.0 0:00.00 rcu_gp 4 0 0 0 0.0 0.0 0:00.00 rcu_par_gp 4 0 0 0 0.0 0.0 0:00.00 rcu_par_gp 
1533.4 185.5 98.4 694.8 125.2 1508.5 1 186384 2292 2096 0.0 0.1 0:00.84 systemd 2 0 0 0 0.0 0.0 0:00.00 kthreadd 3 0 0 0 0.0 0.0 0:00.00 rcu_gp 2 0 0 0 0.0 0.0 0:00.00 kthreadd 6 0 0 0 0.0 0.0 0:00.00 kworker/0:0H-events_highpri 
1528.5 187.0 101.8 695.1 124.9 1507.4 1 186384 2292 2096 0.0 0.1 0:00.84 systemd 2 0 0 0 0.0 0.0 0:00.00 kthreadd 3 0 0 0 0.0 0.0 0:00.00 rcu_gp 4 0 0 0 0.0 0.0 0:00.00 rcu_par_gp 6 0 0 0 0.0 0.0 0:00.00 kworker/0:0H-events_highpri 
1528.8 186.7 101.8 695.1 124.9 1506.1 2149 822876 24464 13552 13.3 1.3 0:01.23 node 2092 153552 1924 644 6.7 0.1 0:00.27 sshd 3 0 0 0 0.0 0.0 0:00.00 rcu_gp 3 0 0 0 0.0 0.0 0:00.00 rcu_gp 4 0 0 0 0.0 0.0 0:00.00 rcu_par_gp 
1529.5 186.0 101.8 695.1 124.9 1506.7 3501 0 0 0 6.2 0.0 0:00.05 kworker/0:0-events 1 186384 2292 2096 0.0 0.1 0:00.84 systemd 3 0 0 0 0.0 0.0 0:00.00 rcu_gp 4 0 0 0 0.0 0.0 0:00.00 rcu_par_gp 6 0 0 0 0.0 0.0 0:00.00 kworker/0:0H-events_highpri 
1528.4 187.1 101.8 695.1 124.9 1505.6 1539 865056 40236 16204 6.2 2.2 0:04.61 node 2 0 0 0 0.0 0.0 0:00.00 kthreadd 3 0 0 0 0.0 0.0 0:00.00 rcu_gp 4 0 0 0 0.0 0.0 0:00.00 rcu_par_gp 6 0 0 0 0.0 0.0 0:00.00 kworker/0:0H-events_highpri 
1528.5 187.0 101.8 695.1 124.9 1505.3 1 186384 2292 2096 0.0 0.1 0:00.84 systemd 2 0 0 0 0.0 0.0 0:00.00 kthreadd 2 0 0 0 0.0 0.0 0:00.00 kthreadd 4 0 0 0 0.0 0.0 0:00.00 rcu_par_gp 4 0 0 0 0.0 0.0 0:00.00 rcu_par_gp 
1528.0 187.5 101.9 695.1 124.9 1505.4 1 186384 2292 2096 0.0 0.1 0:00.84 systemd 2 0 0 0 0.0 0.0 0:00.00 kthreadd 3 0 0 0 0.0 0.0 0:00.00 rcu_gp 4 0 0 0 0.0 0.0 0:00.00 rcu_par_gp 6 0 0 0 0.0 0.0 0:00.00 kworker/0:0H-events_highpri 
1528.5 187.0 101.9 695.1 124.9 1505.7 1 186384 2292 2096 0.0 0.1 0:00.84 systemd 1589 1051992 23276 13880 6.7 1.3 0:01.61 node 2 0 0 0 0.0 0.0 0:00.00 kthreadd 3 0 0 0 0.0 0.0 0:00.00 rcu_gp 6 0 0 0 0.0 0.0 0:00.00 kworker/0:0H-events_highpri 
1528.3 187.1 101.9 695.1 124.9 1505.6 1 186384 2292 2096 0.0 0.1 0:00.84 systemd 2 0 0 0 0.0 0.0 0:00.00 kthreadd 3 0 0 0 0.0 0.0 0:00.00 rcu_gp 3 0 0 0 0.0 0.0 0:00.00 rcu_gp 6 0 0 0 0.0 0.0 0:00.00 kworker/0:0H-events_highpri 
1528.5 187.0 101.9 695.1 124.9 1506.0 1 186384 2292 2096 0.0 0.1 0:00.84 systemd 2 0 0 0 0.0 0.0 0:00.00 kthreadd 2 0 0 0 0.0 0.0 0:00.00 kthreadd 4 0 0 0 0.0 0.0 0:00.00 rcu_par_gp 4 0 0 0 0.0 0.0 0:00.00 rcu_par_gp 
1527.9 187.6 101.9 695.1 124.9 1505.6 